Starting OrangeFox Recovery R11.3 [default, core: R11.3] (built on Sun Mar  1 13:38:05 2026 for LXX503 [dev_ver: 2026-01-02 (0ee6f8e8)]; pid 418)
I:=> hardware id from cpuinfo: 'MT6833'
I:=> hardware id from cpuinfo: 'MT6833'
I:
using hardware id for device id: 'MT6833'
I:TW_NO_HAPTICS := true
TW_FORCE_CPUINFO_FOR_DEVICE_ID := true
TW_NO_USB_STORAGE := true
TW_INCLUDE_FASTBOOTD := true
PRODUCT_USE_DYNAMIC_PARTITIONS := true
TW_INCLUDE_CRYPTO := true
I:TW_BRIGHTNESS_PATH := /sys/class/leds/lcd-backlight/brightness
I:Found brightness file at '/sys/class/leds/lcd-backlight/brightness'
I:TWFunc::Set_Brightness: Setting brightness control to 120
I:TW_EXCLUDE_ENCRYPTED_BACKUPS := true
I:LANG: en
I:AB_OTA_UPDATER := true
boot command: boot-recovery
I:Startup Commands: 
=> Linking mtab
=> Processing /etc/recovery.fstab
I:Reading /etc/twrp.flags
I:Reading /etc/recovery.fstab
I:Processing '/system'
I:Created '/system_root' folder.
I:Unhandled flag: 'avb=vbmeta_system'
I:Unhandled flag: 'first_stage_mount'
I:Unhandled flag: 'avb_keys=/avb/q-gsi.avbpubkey:/avb/r-gsi.avbpubkey:/avb/s-gsi.avbpubkey'
I:Trying to prepare system from super partition
I:Symlinking /dev/block/dm-2 => /dev/block/bootdevice/by-name/system 
I:Symlinking /dev/block/dm-2 => /dev/block/by-name/system 
I:Processing '/system_ext'
I:Created '/system_ext' folder.
I:Unhandled flag: 'avb=vbmeta_system'
I:Unhandled flag: 'first_stage_mount'
I:Unhandled flag: 'avb_keys=/avb/q-gsi.avbpubkey:/avb/r-gsi.avbpubkey:/avb/s-gsi.avbpubkey'
I:Trying to prepare system_ext from super partition
I:unable to update logical partition: /system_ext
I:Processing '/vendor'
I:Unhandled flag: 'avb'
I:Unhandled flag: 'first_stage_mount'
I:Trying to prepare vendor from super partition
I:Symlinking /dev/block/dm-0 => /dev/block/bootdevice/by-name/vendor 
I:Symlinking /dev/block/dm-0 => /dev/block/by-name/vendor 
I:Processing '/product'
I:Created '/product' folder.
I:Unhandled flag: 'avb'
I:Unhandled flag: 'first_stage_mount'
I:Trying to prepare product from super partition
I:unable to update logical partition: /product
I:Processing '/metadata'
I:Unhandled flag: 'first_stage_mount'
I:Processing '/data'
I:Unhandled flag: 'reservedsize=128m'
I:Unhandled flag: 'latemount'
I:Unhandled flag: 'checkpoint=fs'
I:FBE contents 'aes-256-xts', filenames 'aes-256-cts:v2+inlinecrypt_optimized'
I:setting Key_Directory to: /metadata/vold/metadata_encryption
I:Unhandled flag: 'fsverity'
I:Processing '/persistent'
I:Processing '/nvram'
I:Processing '/proinfo'
I:Processing '/bootloader'
I:Processing '/bootloader2'
I:Processing '/para'
I:Processing '/misc'
I:Processing '/boot'
I:Unhandled flag: 'first_stage_mount'
I:Unhandled flag: 'nofail'
I:Processing '/vbmeta_vendor'
I:Unhandled flag: 'first_stage_mount'
I:Unhandled flag: 'nofail'
I:Processing '/vbmeta_system'
I:Unhandled flag: 'first_stage_mount'
I:Unhandled flag: 'nofail'
I:Unhandled flag: 'avb=vbmeta'
I:Processing '/logo'
I:Processing '/expdb'
I:Processing '/seccfg'
I:Processing '/tee1'
I:Processing '/tee2'
I:Processing '/scp1'
I:Processing '/scp2'
I:Processing '/sspm_1'
I:Processing '/sspm_2'
I:Processing '/dpm_1'
I:Processing '/dpm_2'
I:Processing '/mcupm_1'
I:Processing '/mcupm_2'
I:Processing '/md1img'
I:Processing '/md1dsp'
I:Processing '/md1arm7'
I:Processing '/md3img'
I:Processing '/gz1'
I:Processing '/gz2'
I:Processing '/spmfw'
I:Processing '/pi_img'
I:Processing '/boot_para'
I:Processing '/odmdtbo'
I:Processing '/dtbo'
I:Processing '/otp'
I:Processing '/vbmeta'
I:Processing remaining twrp.flags
I:Processing '/external_sd'
I:Created '/external_sd' folder.
I:Processing '/nvdata_image'
I:Processing '/nvram_image'
I:Processing '/persist_image'
I:Processing '/product_image'
I:Processing '/protect_f_image'
I:Processing '/protect_s_image'
I:Processing '/system_ext_image'
I:Processing '/system_image'
I:Processing '/usb_otg'
I:Created '/usb_otg' folder.
I:Processing '/vendor_image'
I:Deleting property 'ro.crypto.dm_default_key.options_format.version'
I:Deleting property 'ro.crypto.volume.metadata.method'
I:Deleting property 'ro.crypto.volume.options'
I:Force setting casefolding props to true
I:GetFstabPath: /odm/etc/fstab.mt6833
I:GetFstabPath: /vendor/etc/fstab.mt6833
I:Fstab: /vendor/etc/fstab.mt6833
I:Reading /etc/additional.fstab
I:Processing '/metadata'
I:Unhandled flag: 'first_stage_mount'
I:Processing '/data'
I:Unhandled flag: 'reservedsize=128m'
I:Unhandled flag: 'latemount'
I:Unhandled flag: 'checkpoint=fs'
I:FBE contents 'aes-256-xts', filenames 'aes-256-cts:v2+inlinecrypt_optimized'
I:setting Key_Directory to: /metadata/vold/metadata_encryption
I:Unhandled flag: 'fsverity'
I:Done processing fstab files
I:Keymaster_Ver::Force Keymaster_Ver flag found.
I:Keymaster_Ver::Using keymaster version '4.1' for decryption
Starting the UI...
Skipping adf graphics -- not present in build tree
width: 720, height: 1600
setting DRM_FORMAT_XBGR8888 and GGL_PIXEL_FORMAT_RGBA_8888
setting DRM_FORMAT_XBGR8888 and GGL_PIXEL_FORMAT_RGBA_8888
Could not find obj_id = 30
Could not find obj_id = 42
Atomic Commit succeedUsing drm graphics.
I:TWFunc::Set_Brightness: Setting brightness control to 120
TW_SCREEN_BLANK_ON_BOOT := true
I:TWFunc::Set_Brightness: Setting brightness control to 0
I:TWFunc::Set_Brightness: Setting brightness control to 120
I:Loading package: splash (/twres/splash.xml)
I:Load XML directly
I:PageManager::LoadFileToBuffer loading filename: '/twres/splash.xml' directly
I:Checking resolution...
I:Scaling theme width 0.666667x and height 0.666667x, offsets x: 0 y: 0 w: 0 h: 0
I:Loading resources...
I:Loading variables...
I:Loading mouse cursor...
I:Loading pages...
I:Loading page splash
I:Switching packages (splash)
I:Can't probe device /dev/block/sdc51
I:Unable to mount '/data'
I:Actual block device: '/dev/block/sdc51', current file system: 'f2fs'
I:Apex is disabled in this build
I:Using automatic handling for /data/media emulated storage device.
I:Setting up '/data' as data/media emulated storage.
I:Can't probe device /dev/block/sdc51
I:Unable to mount '/data'
I:Actual block device: '/dev/block/sdc51', current file system: 'f2fs'
I:Backup folder set to '/data/media/Fox/BACKUPS/MT6833'
I:Settings storage is '/data/media'
Using additional fstab for decryption /etc/additional.fstab 
I:Successfully decrypted metadata encrypted data partition with new block device: '/dev/block/dm-3'
I:File Based Encryption is present
Attempting to initialize DE keys
SELinux: Loaded file_contexts
Handle is '411b8c25c0ed281b'
trying to read password_file data with leading 0
Failed to read '/data/system_de/0/spblob/0411b8c25c0ed281b.pwd'
Failed to read '/data/system_de/0/spblob/00411b8c25c0ed281b.pwd'
Failed to Get_Password_Data
I:Android 12+: '/data/system/users/0.xml' has been converted into plain text xml (for user 0).
I:PageManager::LoadFileToBuffer loading filename: '/tmp/converted_xml/0.xml' directly
Handle is '411b8c25c0ed281b'
trying to read password_file data with leading 0
Failed to read '/data/system_de/0/spblob/0411b8c25c0ed281b.pwd'
Failed to read '/data/system_de/0/spblob/00411b8c25c0ed281b.pwd'
Failed to Get_Password_Data
I:User 0 is not decrypted.
Attempting to decrypt FBE for user 0...
Attempting to decrypt user
Handle is '411b8c25c0ed281b'
trying to read password_file data with leading 0
Failed to read '/data/system_de/0/spblob/0411b8c25c0ed281b.pwd'
Failed to read '/data/system_de/0/spblob/00411b8c25c0ed281b.pwd'
Failed to Get_Password_Data
Attempting to unlock user storage
fscrypt_unlock_user_key returned fail
Attempting to decrypt user's synthetic password
copying '/data/misc/keystore/persistent.sqlite' to '/tmp/misc/keystore/persistent.sqlite'
Is_Weaver
using secdis to decrypt spblob
Attempting to unwrap synthetic password blob
spblob v2 / v3
Attempting to unlock user storage
Attempting to prepare user storage
SELinux: Loaded file_contexts
User 0 Decrypted Successfully!
Free_Return
User 0 Decrypted Successfully
I:All found users are decrypted.
Data successfully decrypted
I:Backup folder set to '/data/media/0/Fox/BACKUPS/MT6833'
I:New storage path after decryption: /data/media/0
Updating partition details...
I:Data backup size is 1899MB, free: 111571MB.
...done
/data | /dev/block/dm-3 | Size: 114685MB Used: 1899MB Free: 111571MB Backup Size: 1899MB
   Flags: Can_Be_Mounted Can_Be_Wiped Can_Be_Backed_Up Wipe_During_Factory_Reset Wipe_Available_in_GUI IsPresent Can_Be_Encrypted Is_Encrypted Is_Decrypted Has_Data_Media Can_Encrypt_Backup Use_Userdata_Encryption Is_Storage Is_Settings_Storage 
   Symlink_Path: /data/media/0
   Symlink_Mount_Point: /sdcard
   Primary_Block_Device: /dev/block/sdc51
   Decrypted_Block_Device: /dev/block/dm-3
   Display_Name: Data
   Storage_Name: Internal Storage
   Backup_Path: /data
   Backup_Name: data
   Backup_Display_Name: Data
   Storage_Path: /data/media/0
   Current_File_System: f2fs
   Fstab_File_System: f2fs
   Backup_Method: files
   Mount_Flags: 1030, Mount_Options: discard,noflush_merge,fsync_mode=nobarrier,reserve_root=134217,resgid=1065,inlinecrypt
   MTP_Storage_ID: 65539
   Metadata Key Directory: /metadata/vold/metadata_encryption

Successfully decrypted with default password.
I:Decrypt adopted storage starting
I:PageManager::LoadFileToBuffer loading filename: '/data/system/storage.xml' directly
I:No /data/system/storage.xml for adopted storage
Updating partition details...
I:Data backup size is 1899MB, free: 111571MB.
...done
/super | /dev/block/by-name/super | Size: 0MB
   Flags: Can_Be_Backed_Up IsPresent Can_Flash_Img 
   Alternate_Block_Device: /dev/block/by-name/super
   Display_Name: super
   Backup_Path: /super
   Backup_Name: super
   Backup_Display_Name: Super (system system_ext vendor product)
   Current_File_System: emmc
   Backup_Method: dd

I:Unmounting main partitions...
I:Loading package: OrangeFox (/sdcard/Fox/theme/ui.zip)
I:Loading zip theme
I:Loading package: OrangeFox (/twres/ui.xml)
I:Load XML directly
I:PageManager::LoadFileToBuffer loading filename: '/twres/languages/ua.xml' directly
I:PageManager::LoadFileToBuffer loading filename: '/twres/languages/tr.xml' directly
I:PageManager::LoadFileToBuffer loading filename: '/twres/languages/ru.xml' directly
I:PageManager::LoadFileToBuffer loading filename: '/twres/languages/ro.xml' directly
I:PageManager::LoadFileToBuffer loading filename: '/twres/languages/pt_PT.xml' directly
I:PageManager::LoadFileToBuffer loading filename: '/twres/languages/pl.xml' directly
I:PageManager::LoadFileToBuffer loading filename: '/twres/languages/it.xml' directly
I:PageManager::LoadFileToBuffer loading filename: '/twres/languages/id.xml' directly
I:PageManager::LoadFileToBuffer loading filename: '/twres/languages/fr.xml' directly
I:PageManager::LoadFileToBuffer loading filename: '/twres/languages/en.xml' directly
I:PageManager::LoadFileToBuffer loading filename: '/twres/languages/el.xml' directly
I:PageManager::LoadFileToBuffer loading filename: '/twres/languages/de.xml' directly
I:PageManager::LoadFileToBuffer loading filename: '/twres/languages/cs.xml' directly
I:PageManager::LoadFileToBuffer loading filename: '/twres/languages/en.xml' directly
parsing languageFile
parsing languageFile done
I:PageManager::LoadFileToBuffer loading filename: '/twres/ui.xml' directly
I:Checking resolution...
I:Scaling theme width 0.666667x and height 0.666667x, offsets x: 0 y: 0 w: 0 h: 0
I:Loading resources...
I:Loading variables...
I:Loading mouse cursor...
I:Loading pages...
I:Including file: /sdcard/Fox/.navbar/navbar.xml...
I:PageManager::LoadFileToBuffer loading filename: '/sdcard/Fox/.navbar/navbar.xml' directly
I:PageManager::LoadFileToBuffer loading filename: '/twres/themes/navbar.xml' directly
I:Loading resources...
I:Loading variables...
I:Loading mouse cursor...
I:Loading pages...
I:Including file: /sdcard/Fox/.theme/font.xml...
I:PageManager::LoadFileToBuffer loading filename: '/sdcard/Fox/.theme/font.xml' directly
I:PageManager::LoadFileToBuffer loading filename: '/twres/themes/font.xml' directly
I:Loading resources...
I:Loading variables...
I:Loading mouse cursor...
I:Loading pages...
I:Including file: /sdcard/Fox/.theme/style.xml...
I:PageManager::LoadFileToBuffer loading filename: '/sdcard/Fox/.theme/style.xml' directly
I:Loading resources...
I:Failed to load image from Light/Progress/indeterminate033, error -1
I:Loading variables...
I:Loading mouse cursor...
I:Loading pages...
I:Including file: /sdcard/Fox/.theme/accent.xml...
I:PageManager::LoadFileToBuffer loading filename: '/sdcard/Fox/.theme/accent.xml' directly
I:Loading resources...
I:Loading variables...
I:Loading mouse cursor...
I:Loading pages...
I:Including file: /sdcard/Fox/.theme/action.xml...
I:PageManager::LoadFileToBuffer loading filename: '/sdcard/Fox/.theme/action.xml' directly
I:Loading resources...
I:Loading variables...
I:Loading mouse cursor...
I:Loading pages...
I:Including file: /twres/resources/images.xml...
I:PageManager::LoadFileToBuffer loading filename: '/twres/resources/images.xml' directly
I:Loading resources...
I:Loading variables...
I:Loading mouse cursor...
I:Loading pages...
I:Including file: /twres/resources/vars.xml...
I:PageManager::LoadFileToBuffer loading filename: '/twres/resources/vars.xml' directly
I:Loading resources...
I:Loading variables...
I:Loading mouse cursor...
I:Loading pages...
I:Including file: /twres/resources/styles.xml...
I:PageManager::LoadFileToBuffer loading filename: '/twres/resources/styles.xml' directly
I:Loading resources...
I:Loading variables...
I:Loading mouse cursor...
I:Loading pages...
I:Including file: /twres/pages/templates/base.xml...
I:PageManager::LoadFileToBuffer loading filename: '/twres/pages/templates/base.xml' directly
I:Loading resources...
I:Loading variables...
I:Loading mouse cursor...
I:Loading pages...
I:Including file: /twres/pages/templates/keyboard.xml...
I:PageManager::LoadFileToBuffer loading filename: '/twres/pages/templates/keyboard.xml' directly
I:Loading resources...
I:Loading variables...
I:Loading mouse cursor...
I:Loading pages...
I:Including file: /twres/pages/templates/navbar.xml...
I:PageManager::LoadFileToBuffer loading filename: '/twres/pages/templates/navbar.xml' directly
I:Loading resources...
I:Loading variables...
I:Loading mouse cursor...
I:Loading pages...
I:Including file: /twres/pages/templates/statusbar.xml...
I:PageManager::LoadFileToBuffer loading filename: '/twres/pages/templates/statusbar.xml' directly
I:Loading resources...
I:Loading variables...
I:Loading mouse cursor...
I:Loading pages...
I:Including file: /twres/pages/templates/templates.xml...
I:PageManager::LoadFileToBuffer loading filename: '/twres/pages/templates/templates.xml' directly
I:Loading resources...
I:Loading variables...
I:Loading mouse cursor...
I:Loading pages...
I:Including file: /twres/pages/main.xml...
I:PageManager::LoadFileToBuffer loading filename: '/twres/pages/main.xml' directly
I:Loading resources...
I:Loading variables...
I:Loading mouse cursor...
I:Loading pages...
I:Loading page main
I:Loading page navbar
I:Loading page welcome
I:Loading page aroma_busy
I:Loading page fastboot
I:Including file: /twres/pages/pass.xml...
I:PageManager::LoadFileToBuffer loading filename: '/twres/pages/pass.xml' directly
I:Loading resources...
I:Loading variables...
I:Loading mouse cursor...
I:Loading pages...
I:Loading page password_enter
I:Loading page password_enter_num
I:Loading page password_enter_pattern
I:Loading page password_check
I:Loading page pass_pattern
I:Loading page pass_pattern_2
I:Loading page pass_text
I:Loading page pass_text_2
I:Loading page pass_pin
I:Loading page pass_pin_2
I:Loading page pass_remove
I:Loading page pass_check
I:Including file: /twres/pages/install.xml...
I:PageManager::LoadFileToBuffer loading filename: '/twres/pages/install.xml' directly
I:Loading resources...
I:Loading variables...
I:Loading mouse cursor...
I:Loading pages...
I:Loading page flash_confirm
I:Loading page fox_modules_confirm
I:Loading page queueview
I:Loading page flash_image_confirm
I:Loading page flash_image_ab
I:Loading page add_zip
I:Loading page flash_zip
I:Loading page flash_image
I:Loading page flash_done
I:Loading page flash_sleep_and_reboot
I:Loading page flash_image_done
I:Including file: /twres/pages/wipe.xml...
I:PageManager::LoadFileToBuffer loading filename: '/twres/pages/wipe.xml' directly
I:Loading resources...
I:Loading variables...
I:Loading mouse cursor...
I:Loading pages...
I:Loading page wipe
I:Loading page formatdata
I:Loading page formatdata_confirm
I:Loading page wipe_confirm_action
I:Loading page wipe_action_page
I:Loading page wipe_action_complete
I:Loading page checkpartitionlist
I:Loading page partitionoptions
I:Loading page refreshfilesystem
I:Loading page selectfilesystem
I:Loading page part_options
I:Including file: /twres/pages/backup.xml...
I:PageManager::LoadFileToBuffer loading filename: '/twres/pages/backup.xml' directly
I:Loading resources...
I:Loading variables...
I:Loading mouse cursor...
I:Loading pages...
I:Loading page backup
I:Loading page check_storage_back
I:Loading page backup_prep
I:Loading page backupname
I:Loading page backupname_auto
I:Loading page backup_encryption
I:Loading page backup_encryption2
I:Loading page checkbackuppassword
I:Loading page checkbackuppassword2
I:Loading page backup_run
I:Loading page backup_digest
I:Loading page backup_action_complete
I:Including file: /twres/pages/restore.xml...
I:PageManager::LoadFileToBuffer loading filename: '/twres/pages/restore.xml' directly
I:Loading resources...
I:Loading variables...
I:Loading mouse cursor...
I:Loading pages...
I:Loading page restore
I:Loading page restore_prep
I:Loading page restore_read
I:Loading page restore_decrypt
I:Loading page try_restore_decrypt
I:Loading page restore_select
I:Loading page renamebackup
I:Loading page deletebackup
I:Loading page restore_run
I:Loading page restore_confirm_action
I:Loading page restore_action_page
I:Loading page restore_action_complete
I:Including file: /twres/pages/mount.xml...
I:PageManager::LoadFileToBuffer loading filename: '/twres/pages/mount.xml' directly
I:Loading resources...
I:Loading variables...
I:Loading mouse cursor...
I:Loading pages...
I:Loading page mount
I:Loading page usb_mount
I:Loading page system_readonly_check
I:Loading page system_readonly_check_ext_context
I:Loading page system_readonly
I:Loading page system_readonly_mount
I:Loading page decrypt
I:Loading page decrypt_pin
I:Loading page decrypt_pattern
I:Loading page decrypt_redirect
I:Loading page trydecrypt
I:Loading page reapply_settings
I:Loading page decrypt_users
I:Loading page decrypt_users2
I:Including file: /twres/pages/files.xml...
I:PageManager::LoadFileToBuffer loading filename: '/twres/pages/files.xml' directly
I:Loading resources...
I:Loading variables...
I:Loading mouse cursor...
I:Loading pages...
I:Loading page filemanagerlist
I:Loading page file_quick_actions
I:Loading page file_quick_actions_dark
I:Loading page select_path
I:Loading page select_path_dark
I:Loading page files_mkdir
I:Loading page fm_multiselection
I:Loading page fm_ms_actions
I:Loading page file_search
I:Loading page file_dark_search
I:Loading page files_redirect
I:Loading page files_bookmarks_prepare
I:Loading page files_bookmarks
I:Loading page filemanageroptions
I:Loading page openas
I:Loading page fm_file_checksum
I:Loading page fm_file_checksum_calc
I:Loading page fm_file_info
I:Loading page choosedestinationfolder
I:Loading page filemanagerrenamefile
I:Loading page filemanagerrenamefolder
I:Loading page filemanagerchmod
I:Loading page filemanagerchmod_key
I:Loading page filemanagerconfirm
I:Loading page archive_confirm
I:Loading page archive_cmd
I:Loading page filemanageraction
I:Loading page filemanagercomplete
I:Loading page cat_file
I:Including file: /twres/pages/rmmanager.xml...
I:PageManager::LoadFileToBuffer loading filename: '/twres/pages/rmmanager.xml' directly
I:Loading resources...
I:Loading variables...
I:Loading mouse cursor...
I:Loading pages...
I:Loading page modules_mount
I:Loading page modules_unmount
I:Loading page root_modules
I:Loading page module_actions
I:Loading page module_delete
I:Including file: /twres/pages/advanced.xml...
I:PageManager::LoadFileToBuffer loading filename: '/twres/pages/advanced.xml' directly
I:Loading resources...
I:Loading variables...
I:Loading mouse cursor...
I:Loading pages...
I:Loading page advanced
I:Loading page mod_survival
I:Loading page mod_factory_rp
I:Loading page mod_magisk
I:Loading page mod_unmagisk
I:Loading page mod_reset
I:Loading page mod_pass
I:Loading page mod_kernelsu
I:Loading page mod_kernelsu_next
I:Loading page mod_sukisu
I:Loading page fox_modules
I:Loading page partsdcard
I:Loading page terminal
I:Loading page sideload
I:Loading page fixcontexts
I:Loading page apps_load
I:Loading page apps_list
I:Unable to open '/tmp/listapps/list'
I:Unable to open '/tmp/listapps/list'
I:Including file: /twres/pages/reboot.xml...
I:PageManager::LoadFileToBuffer loading filename: '/twres/pages/reboot.xml' directly
I:Loading resources...
I:Loading variables...
I:Loading mouse cursor...
I:Loading pages...
I:Loading page reboot
I:Loading page set_slot
I:Including file: /twres/pages/settings.xml...
I:PageManager::LoadFileToBuffer loading filename: '/twres/pages/settings.xml' directly
I:Loading resources...
I:Loading variables...
I:Loading mouse cursor...
I:Loading pages...
I:Loading page settings
I:Loading page ext_context
I:Loading page ext_general
I:Loading page pass_select
I:Loading page ext_screen
I:Loading page ext_vibrate
I:Loading page ext_backup
I:Loading page ext_time
I:Loading page ext_time_offset
I:Loading page check_zone
I:Loading page ext_time_lang
I:Loading page ext_time_lang_busy
I:Loading page about
I:Loading page about_credits
I:Parsing file: /twres/credits.txt
I:Parsing file: /twres/translators.txt
I:Parsing file: /twres/changelog.txt
I:Loading page ext_gov
I:Loading page ext_backup_quick
I:Including file: /twres/pages/universal.xml...
I:PageManager::LoadFileToBuffer loading filename: '/twres/pages/universal.xml' directly
I:Loading resources...
I:Loading variables...
I:Loading mouse cursor...
I:Loading pages...
I:Loading page filecheck
I:Loading page rebootcheck
I:Loading page rebootcheckoverlay
I:Loading page no_os_warning
I:Loading page clear_vars
I:Loading page confirm_action
I:Loading page action_page
I:Loading page ota_simple
I:Loading page singleaction_page
I:Loading page action_complete
I:Including file: /twres/pages/anywhere.xml...
I:PageManager::LoadFileToBuffer loading filename: '/twres/pages/anywhere.xml' directly
I:Loading resources...
I:Loading variables...
I:Loading mouse cursor...
I:Loading pages...
I:Loading page lock
I:Loading page console
I:Including file: /twres/pages/dialogs.xml...
I:PageManager::LoadFileToBuffer loading filename: '/twres/pages/dialogs.xml' directly
I:Loading resources...
I:Loading variables...
I:Loading mouse cursor...
I:Loading pages...
I:Loading page menu
I:Loading page menu_sort
I:Loading page fm_sort
I:Loading page dialog_magisk_not_found
I:Loading page dialog_modules_cannot_mount
I:Loading page dialog_reset_average
I:Loading page dialog_lost_info
I:Loading page dialog_app
I:Loading page dialog_error_partition
I:Loading page pass_error
I:Loading page dialog_enable_hw_mode
I:Including file: /twres/pages/customization.xml...
I:PageManager::LoadFileToBuffer loading filename: '/twres/pages/customization.xml' directly
I:Loading resources...
I:Loading variables...
I:Loading mouse cursor...
I:Loading pages...
I:Loading page ext_custom_reset
I:Loading page ext_custom_gest
I:Loading page ext_custom
I:Loading page ext_custom_status
I:Loading page ext_custom_key
I:Loading page ext_custom_lock
I:Loading page ext_custom_nav
I:Loading page ext_custom_other
I:Loading page ext_custom_nav_error
I:Loading page ext_custom_nav_no_switch
I:Loading page ext_custom_fonts_check
I:Loading page ext_custom_fonts
I:Loading page ext_custom_fonts_sec
I:Loading page ext_custom_fonts_size
I:Loading page ext_custom_fonts_cn
I:Loading page ext_custom_theme
I:Loading page ext_custom_splash
I:Loading page ext_custom_splash_color
I:Loading page ext_custom_splash_logo
I:Loading page ext_custom_splash_select
I:Loading page apply_changes
I:Loading page apply_splash
I:Loading page get_splash_info
I:Including file: /twres/pages/fox.xml...
I:PageManager::LoadFileToBuffer loading filename: '/twres/pages/fox.xml' directly
I:Loading resources...
I:Loading variables...
I:Loading mouse cursor...
I:Loading pages...
I:Loading page fox_ota
I:Loading page fox_ota_lite
I:Loading page fox_lab
I:Loading page debug_pages
I:Loading page debug
I:Loading page debug_plus
I:Loading page scaling
I:Including file: /sbin/maintainer.xml...
I:PageManager::LoadFileToBuffer loading filename: '/sbin/maintainer.xml' directly
I:PageManager::LoadFileToBuffer loading filename: '/twres/pages/dummy.xml' directly
I:Loading resources...
I:Loading variables...
I:Loading mouse cursor...
I:Loading pages...
I:Loading page maintainer
I:Set overlay: ''
I:Set page: 'clear_vars'
I:Set page: 'navbar'
I:Set page: 'filemanagerlist'
I:Switching packages (OrangeFox)
ro.boot.bootreason=usb
ro.boot.mode=recovery
ro.boot.slot=a
ro.boot.Temp_F6=0x30
ro.boot.dtb_idx=0
ro.boot.dtbo_idx=0
ro.boot.hardware=mt6833
ro.boot.avb_version=1.2
ro.boot.boot_devices=bootdevice,soc/11230000.mmc,11230000.mmc,soc/11230000.msdc,11230000.msdc,soc/11270000.ufshci,11270000.ufshci
ro.boot.meta_log_disable=0
ro.boot.verifiedbootstate=orange
ro.baseband=unknown
ro.bootmode=recovery
ro.hardware=mt6833
ro.revision=0
ro.bootloader=unknown
ro.boottime.adbd=15243613923
ro.boottime.init=2394764614
ro.boottime.init.selinux=71180923
ro.boottime.init.first_stage=67382769
ro.boottime.init.cold_boot_wait=500
ro.boottime.logd=3110430537
ro.boottime.vendor.keymaster-4-1-beanpod=10184472076
ro.boottime.ueventd=2599563691
ro.boottime.recovery=15214847384
ro.boottime.keystore2=3122998537
ro.boottime.teei_daemon=3131282768
ro.boottime.boot-hal-1-2=15229371461
ro.boottime.create_pl_dev=5165263999
ro.boottime.health-hal-2-1=15235913000
ro.boottime.servicemanager=3117080614
ro.boottime.hwservicemanager=3114846153
ro.boottime.vndservicemanager=3119933614
ro.boottime.init.fsck.data=19
ro.boottime.init.mount.data=227
ro.product.bootimage.name=omni_LXX503
ro.product.bootimage.brand=LAVA
ro.product.bootimage.model=LAVA LXX503
ro.product.bootimage.device=LXX503
ro.product.bootimage.manufacturer=LAVA
ro.bootimage.build.id=SP2A.220405.004
ro.bootimage.build.date=Sun Mar  1 13:16:29 UTC 2026
ro.bootimage.build.date.utc=1772370989
ro.bootimage.build.tags=test-keys
ro.bootimage.build.type=eng
ro.bootimage.build.version.sdk=32
ro.bootimage.build.version.release=99.87.36
ro.bootimage.build.version.incremental=eng.runner.20260301.131910
ro.bootimage.build.version.release_or_codename=99.87.36
ro.bootimage.build.fingerprint=LAVA/omni_LXX503/LXX503:99.87.36/SP2A.220405.004/runner03011316:eng/test-keys
ro.odm.build.date=Sun Mar  1 13:16:29 UTC 2026
ro.odm.build.date.utc=1772370989
ro.odm.build.version.incremental=eng.runner.20260301.131910
ro.odm.build.fingerprint=LAVA/fox_LXX503/LXX503:99.87.36/SP2A.220405.004/runner03011316:eng/test-keys
ro.product.odm.name=fox_LXX503
ro.product.odm.brand=LAVA
ro.product.odm.model=LAVA LXX503
ro.product.odm.device=LXX503
ro.product.odm.manufacturer=LAVA
ro.build.id=SP2A.220405.004
ro.build.date=Sun Mar  1 13:16:29 UTC 2026
ro.build.date.utc=1772372285
ro.build.host=runnervmnelt9
ro.build.tags=test-keys
ro.build.type=eng
ro.build.user=runner
ro.build.flavor=fox_LXX503-eng
ro.build.display.id=fox_LXX503-eng 99.87.36 SP2A.220405.004 eng.runner.20260301.131910 test-keys
ro.build.product=LXX503
ro.build.version.sdk=32
ro.build.version.base_os=
ro.build.version.release=99.87.36
ro.build.version.codename=REL
ro.build.version.incremental=eng.runner.20260301.131910
ro.build.version.preview_sdk=0
ro.build.version.all_codenames=REL
ro.build.version.security_patch=2099-12-31
ro.build.version.release_or_codename=99.87.36
ro.build.version.preview_sdk_fingerprint=REL
ro.build.version.min_supported_target_sdk=23
ro.build.description=fox_LXX503-eng 99.87.36 SP2A.220405.004 eng.runner.20260301.131910 test-keys
ro.build.characteristics=default
ro.secure=0
ro.system.build.id=SP2A.220405.004
ro.system.build.date=Sun Mar  1 13:16:29 UTC 2026
ro.system.build.date.utc=1772370989
ro.system.build.tags=test-keys
ro.system.build.type=eng
ro.system.build.version.sdk=32
ro.system.build.version.release=99.87.36
ro.system.build.version.incremental=eng.runner.20260301.131910
ro.system.build.version.release_or_codename=99.87.36
ro.system.build.fingerprint=LAVA/fox_LXX503/LXX503:99.87.36/SP2A.220405.004/runner03011316:eng/test-keys
ro.treble.enabled=false
ro.product.cpu.abi=arm64-v8a
ro.product.cpu.abilist=arm64-v8a,armeabi-v7a,armeabi
ro.product.cpu.abilist32=armeabi-v7a,armeabi
ro.product.cpu.abilist64=arm64-v8a
ro.product.name=fox_LXX503
ro.product.brand=LAVA
ro.product.build.id=SP2A.220405.004
ro.product.build.date=Sun Mar  1 13:16:29 UTC 2026
ro.product.build.date.utc=1772370989
ro.product.build.tags=test-keys
ro.product.build.type=eng
ro.product.build.version.sdk=32
ro.product.build.version.release=99.87.36
ro.product.build.version.incremental=eng.runner.20260301.131910
ro.product.build.version.release_or_codename=99.87.36
ro.product.build.fingerprint=LAVA/fox_LXX503/LXX503:99.87.36/SP2A.220405.004/runner03011316:eng/test-keys
ro.product.model=LAVA LXX503
ro.product.device=LXX503
ro.product.system.name=fox_LXX503
ro.product.system.brand=LAVA
ro.product.system.model=LAVA LXX503
ro.product.system.device=LXX503
ro.product.system.manufacturer=LAVA
ro.product.product.name=fox_LXX503
ro.product.product.brand=LAVA
ro.product.product.model=LAVA LXX503
ro.product.product.device=LXX503
ro.product.product.manufacturer=LAVA
ro.product.system_ext.name=fox_LXX503
ro.product.system_ext.brand=LAVA
ro.product.system_ext.model=LAVA LXX503
ro.product.system_ext.device=LXX503
ro.product.system_ext.manufacturer=LAVA
ro.product.manufacturer=LAVA
ro.debuggable=1
ro.system_ext.build.id=SP2A.220405.004
ro.system_ext.build.date=Sun Mar  1 13:16:29 UTC 2026
ro.system_ext.build.date.utc=1772370989
ro.system_ext.build.tags=test-keys
ro.system_ext.build.type=eng
ro.system_ext.build.version.sdk=32
ro.system_ext.build.version.release=99.87.36
ro.system_ext.build.version.incremental=eng.runner.20260301.131910
ro.system_ext.build.version.release_or_codename=99.87.36
ro.system_ext.build.fingerprint=LAVA/fox_LXX503/LXX503:99.87.36/SP2A.220405.004/runner03011316:eng/test-keys
ro.actionable_compatible_property.enabled=true
ro.vendor.build.id=SP2A.220405.004
ro.vendor.build.date=Sun Mar  1 13:16:29 UTC 2026
ro.vendor.build.date.utc=1772370989
ro.vendor.build.tags=test-keys
ro.vendor.build.type=eng
ro.vendor.build.version.sdk=32
ro.vendor.build.version.release=99.87.36
ro.vendor.build.version.incremental=eng.runner.20260301.131910
ro.vendor.build.version.release_or_codename=99.87.36
ro.vendor.build.fingerprint=LAVA/fox_LXX503/LXX503:99.87.36/SP2A.220405.004/runner03011316:eng/test-keys
ro.vendor.product.cpu.abilist=arm64-v8a,armeabi-v7a,armeabi
ro.vendor.product.cpu.abilist32=armeabi-v7a,armeabi
ro.vendor.product.cpu.abilist64=arm64-v8a
ro.product.board=mt6833
ro.product.vendor.name=fox_LXX503
ro.product.vendor.brand=LAVA
ro.product.vendor.model=LAVA LXX503
ro.product.vendor.device=LXX503
ro.product.vendor.manufacturer=LAVA
ro.charger.disable_init_blank=true
ro.cold_boot_done=true
ro.bionic.arch=arm64
ro.bionic.2nd_arch=arm
ro.bionic.cpu_variant=cortex-a55
ro.bionic.2nd_cpu_variant=cortex-a55
ro.dalvik.vm.native.bridge=0
ro.zygote=zygote64_32
dalvik.vm.isa.arm.variant=cortex-a55
dalvik.vm.isa.arm.features=default
dalvik.vm.isa.arm64.variant=cortex-a55
dalvik.vm.isa.arm64.features=default
dalvik.vm.dexopt.secondary=true
dalvik.vm.dexopt.thermal-cutoff=2
dalvik.vm.usejit=true
dalvik.vm.madvise.artfile.size=4294967295
dalvik.vm.madvise.odexfile.size=104857600
dalvik.vm.madvise.vdexfile.size=104857600
dalvik.vm.lockprof.threshold=500
dalvik.vm.dex2oat-Xms=64m
dalvik.vm.dex2oat-Xmx=512m
dalvik.vm.minidebuginfo=true
dalvik.vm.appimageformat=lz4
dalvik.vm.usejitprofiles=true
dalvik.vm.image-dex2oat-Xms=64m
dalvik.vm.image-dex2oat-Xmx=64m
dalvik.vm.image-dex2oat-filter=extract
dalvik.vm.dex2oat-minidebuginfo=true
dalvik.vm.dex2oat-max-image-block-size=524288
dalvik.vm.dex2oat-resolve-startup-strings=true
dalvik.vm.dex2oat-updatable-bcp-packages-file=/system/etc/updatable-bcp-packages.txt
persist.sys.dalvik.vm.lib.2=libart.so
debug.atrace.tags.enableflags=0
ro.sys.usb.mtp.whql.enable=0
ro.sys.usb.bicr=no
ro.sys.usb.storage.type=mtp
ro.sys.usb.charging.only=no
ro.twrp.target.devices=LXX503
ro.twrp.fastbootd=0
ro.wifi.channels=
ro.allow.mock.location=1
ro.build.date.utc_fox=1772372285
ro.build.fox_id=d1f5ee01-b3ef-44d9-abda-653900af9ad6
ro.build.selinux=1
ro.build.fox_codebase=2026-01-02 (0ee6f8e8)
ro.iorapd.enable=true
ro.kernel.android.checkjni=1
ro.kernel.version=4.19
ro.system.product.cpu.abilist=arm64-v8a,armeabi-v7a,armeabi
ro.system.product.cpu.abilist32=armeabi-v7a,armeabi
ro.system.product.cpu.abilist64=arm64-v8a
ro.mediatek.platform=MT6833
ro.bootimage.build.date.utc_fox=1772372285
ro.fastbootd.available=1
ro.orangefox.boot=1
ro.orangefox.boot.header.version=0
ro.orangefox.type=Unofficial
ro.orangefox.build=orangefox
ro.orangefox.release.version=R11.3
ro.orangefox.vanilla=1
ro.orangefox.variant=default
ro.orangefox.virtual_ab=1
ro.orangefox.crypto_enabled=1
ro.postinstall.fstab.prefix=/system
fbe.contents=aes-256-xts
fbe.filenames=aes-256-cts:v2+inlinecrypt_optimized
twrp.all.users.decrypted=true
twrp.user.0.decrypt=1
twrp.super.symlinks_created=true
twrp.decrypt.done=true
fstab.additional=1
orangefox.super.partition=true
orangefox.crash_counter=0
orangefox.action_complete=0
orangefox.mount_to_decrypt=1
keymaster_ver=4.1
tw_boot_header_version=0
ro.boot.slot_suffix=_a
ro.boot.dynamic_partitions=true
ro.hwui.use_vulkan=
ro.board.platform=mt6833
ro.build.ab_update=true
ro.hardware.gatekeeper=beanpod
pm.dexopt.ab-ota=speed-profile
pm.dexopt.shared=speed
pm.dexopt.cmdline=verify
pm.dexopt.install=speed-profile
pm.dexopt.inactive=verify
pm.dexopt.bg-dexopt=speed-profile
pm.dexopt.first-boot=extract
pm.dexopt.install-bulk=speed-profile
pm.dexopt.install-fast=skip
pm.dexopt.install-bulk-secondary=verify
pm.dexopt.install-bulk-downgraded=verify
pm.dexopt.install-bulk-secondary-downgraded=extract
sys.usb.ffs.aio_compat=0
sys.usb.ffs.ready=1
ro.build.fingerprint=LAVA/fox_LXX503/LXX503:99.87.36/SP2A.220405.004/eng.runner.20260301.131910:eng/test-keys
ro.gsid.image_running=0
gsid.image_installed=0
hwservicemanager.ready=true
init.svc.logd=running
init.svc.ueventd=running
init.svc.recovery=running
init.svc.keystore2=running
init.svc.teei_daemon=stopped
init.svc.boot-hal-1-2=running
init.svc.create_pl_dev=stopped
init.svc.health-hal-2-1=running
init.svc.servicemanager=running
init.svc.hwservicemanager=running
init.svc.vndservicemanager=running
init.svc.adbd=running
init.svc_debug_pid.adbd=421
init.svc_debug_pid.logd=385
init.svc_debug_pid.vendor.gatekeeper-1-0=
init.svc_debug_pid.vendor.keymaster-4-1-beanpod=
init.svc_debug_pid.ueventd=375
init.svc_debug_pid.recovery=418
init.svc_debug_pid.keystore2=392
init.svc_debug_pid.teei_daemon=
init.svc_debug_pid.boot-hal-1-2=419
init.svc_debug_pid.create_pl_dev=
init.svc_debug_pid.health-hal-2-1=420
init.svc_debug_pid.servicemanager=387
init.svc_debug_pid.hwservicemanager=386
init.svc_debug_pid.vndservicemanager=391
keystore.crash_count=0
ro.logd.kernel=true
ro.product.ab_ota_partitions=boot,vendor_boot,vbmeta,vbmeta_system,vbmeta_vendor,system,system_ext,product,vendor,
persist.debug.dalvik.vm.core_platform_api_policy=just-warn
pm.dexopt.post-boot=extract
pm.dexopt.boot-after-ota=extract
ro.property_service.version=2
ro.minui.pixel_format=RGBX_8888
ro.minui.overscan_percent=0
selinux.restorecon_recursive=/data/misc_ce/0
ro.boot.serialno=RLXX50323G280005
ro.serialno=RLXX50323G280005
service.adb.root=1
external_storage.projid.enabled=1
external_storage.casefold.enabled=1
external_storage.sdcardfs.enabled=0
ro.sf.lcd_density=320
dev.mnt.blk.data=dm-3
dev.mnt.blk.sdcard=dm-3
dev.mnt.blk.vendor=
dev.mnt.blk.metadata=sdc
dev.mnt.blk.system_root=
net.bt.name=Android
sys.usb.pid=0x201D
sys.usb.vid=0x18D1
sys.usb.vid.mtk=0x0E8D
persist.sys.usb.config=adb
persist.sys.fuse.passthrough.enable=true
persist.sys.disable_rescue=true
persist.traced.enable=1
sys.usb.state=mtp,adb
sys.usb.config=mtp,adb
sys.usb.configfs=1
sys.usb.controller=musb-hdrc
ro.odm.build.id=SP2A.220405.004
ro.odm.build.tags=test-keys
ro.odm.build.type=eng
ro.odm.build.version.sdk=32
ro.odm.build.version.release=99.87.36
ro.odm.build.version.release_or_codename=99.87.36
ro.odm.product.cpu.abilist=arm64-v8a,armeabi-v7a,armeabi
ro.odm.product.cpu.abilist32=armeabi-v7a,armeabi
ro.odm.product.cpu.abilist64=arm64-v8a
ro.vendor.mtk_tee_gp_support=1
ro.vendor.mtk_trustonic_tee_support=1
ro.vendor.mtk_microtrust_tee_support=1
ro.hardware.kmsetkey=beanpod
init.svc.vendor.gatekeeper-1-0=stopped
init.svc.vendor.keymaster-4-1-beanpod=stopped
vendor.soter.teei.init=INIT_OK
vendor.soter.teei.rpmb=VIRTUAL
vendor.soter.teei.persist=OPEN
ro.vendor.build.security_patch=2099-12-31
ro.virtual_ab.enabled=true
ro.crypto.volume.filenames_mode=aes-256-cts
ro.crypto.metadata.enabled=true
ro.crypto.fs_crypto_blkdev=/dev/block/dm-3
ro.crypto.support_metadata_encrypt=true
ro.crypto.uses_fs_ioc_add_encryption_key=true
ro.crypto.type=file
ro.crypto.state=encrypted

I:Overriding ro.build.date.utc with value: "0"
I:Overriding ro.bootimage.build.date.utc with value: "0"
I:Overriding ro.vendor.build.date.utc with value: "0"
I:Overriding ro.system.build.date.utc with value: "0"
I:Overriding ro.system_ext.build.date.utc with value: "0"
I:Overriding ro.product.build.date.utc with value: "0"
I:Overriding ro.odm.build.date.utc with value: "0"
I:DEBUG: OrangeFox: running the startup script...
FOX_BUILD_DATE=Sun Mar 1 13:38:05 2026
DEBUG: OrangeFox: FOX_DEVICE=LXX503
DEBUG: OrangeFox: FOX_KERNEL=4.19.191
DEBUG: OrangeFox: SYSTEM_ROOT=1
DEBUG: OrangeFox: PROPER_SAR=1
DEBUG: OrangeFox: FOX_SCRIPT_DATE=20251120
DEBUG: OrangeFox: ANDROID_SDK=31
DEBUG: OrangeFox: INCREMENTAL_VERSION=1753440949
DEBUG: OrangeFox: RELEASE_VERSION=12
DEBUG: OrangeFox: BUILD_FLAVOR=infinity_gsi-userdebug
DEBUG: OrangeFox: ROM_FINGERPRINT=LAVA/LXX503/LXX503:14/UP1A.231005.007/1753440949:user/release-keys
DEBUG: OrangeFox: Fox properties:
[orangefox.action_complete]: [0]
[orangefox.crash_counter]: [0]
[orangefox.mount_to_decrypt]: [1]
[orangefox.postinit.status]: [1]
[orangefox.product.partition]: [0]
[orangefox.rom.sdk]: [31]
[orangefox.super.block_device]: [/dev/block/by-name/super]
[orangefox.super.mount_point]: [/super]
[orangefox.super.partition]: [true]
[orangefox.system.block_device]: [/dev/block/dm-2]
[orangefox.system.fingerprint]: [LAVA/LXX503/LXX503:14/UP1A.231005.007/1753440949:user/release-keys]
[orangefox.system.incremental]: [1753440949]
[orangefox.system.mount_point]: [/system_root]
[orangefox.system.release]: [12]
[orangefox.vendor.block_device]: [/dev/block/dm-0]
[orangefox.vendor.mount_point]: [/vendor]
[ro.orangefox.boot]: [1]
[ro.orangefox.boot.header.version]: [0]
[ro.orangefox.build]: [orangefox]
[ro.orangefox.crypto_enabled]: [1]
[ro.orangefox.home]: [/sdcard/Fox]
[ro.orangefox.kernel]: [4.19.191]
[ro.orangefox.release.version]: [R11.3]
[ro.orangefox.sar]: [1]
[ro.orangefox.settings]: [/sdcard/Fox]
[ro.orangefox.type]: [Unofficial]
[ro.orangefox.vanilla]: [1]
[ro.orangefox.variant]: [default]
[ro.orangefox.virtual_ab]: [1]
I:Process ended with no errors.
I:- Using the ROM's incremental version (1753440949)
I:- Using the ROM's fingerprint (LAVA/LXX503/LXX503:14/UP1A.231005.007/1753440949:user/release-keys)
I:Process ended with no errors.
copying '/data/misc/keystore/persistent.sqlite' to '/tmp/misc/keystore/persistent.sqlite'
Updating partition details...
I:Data backup size is 1899MB, free: 111571MB.
...done
tw_get_context got selinux context: u:object_r:media_rw_data_file:s0, file: /sdcard/Fox
I:Got default contexts and file mode for storage files.
SELinux contexts loaded from /file_contexts
Full SELinux support is present.
I:Switching packages (OrangeFox)


Partition Logs:
/system_root | /dev/block/dm-2 | Size: 3867MB Used: 3774MB Free: 93MB Backup Size: 3774MB
   Flags: Can_Be_Mounted IsPresent SlotSelect Mount_Read_Only Is_Super 
   Primary_Block_Device: /dev/block/dm-2
   Display_Name: System
   Storage_Name: System
   Backup_Path: /system_root
   Backup_Name: system
   Backup_Display_Name: System
   Storage_Path: /system_root
   Current_File_System: ext4
   Fstab_File_System: ext4
   Backup_Method: files

/vendor | /dev/block/dm-0 | Size: 618MB Used: 616MB Free: 1MB Backup Size: 616MB
   Flags: Can_Be_Mounted IsPresent SlotSelect Mount_Read_Only Is_Super 
   Primary_Block_Device: /dev/block/dm-0
   Display_Name: Vendor
   Storage_Name: Vendor
   Backup_Path: /vendor
   Backup_Name: vendor
   Backup_Display_Name: Vendor
   Storage_Path: /vendor
   Current_File_System: ext4
   Fstab_File_System: ext4
   Backup_Method: files

/persistent | /dev/block/sdc5 | Size: 1MB
   Flags: IsPresent 
   Primary_Block_Device: /dev/block/sdc5
   Display_Name: persistent
   Storage_Name: persistent
   Backup_Path: /persistent
   Backup_Name: persistent
   Backup_Display_Name: persistent
   Storage_Path: /persistent
   Current_File_System: emmc
   Fstab_File_System: emmc
   Backup_Method: dd

/nvram | /dev/block/sdc34 | Size: 64MB
   Flags: IsPresent 
   Primary_Block_Device: /dev/block/sdc34
   Display_Name: nvram
   Storage_Name: nvram
   Backup_Path: /nvram
   Backup_Name: nvram
   Backup_Display_Name: nvram
   Storage_Path: /nvram
   Current_File_System: emmc
   Fstab_File_System: emmc
   Backup_Method: dd

/proinfo | /dev/block/sdc1 | Size: 3MB
   Flags: IsPresent 
   Primary_Block_Device: /dev/block/sdc1
   Display_Name: proinfo
   Storage_Name: proinfo
   Backup_Path: /proinfo
   Backup_Name: proinfo
   Backup_Display_Name: proinfo
   Storage_Path: /proinfo
   Current_File_System: emmc
   Fstab_File_System: emmc
   Backup_Method: dd

/bootloader |  | Size: 0MB
   Flags: 
   Primary_Block_Device: /dev/block/by-name/lk
   Display_Name: bootloader
   Storage_Name: bootloader
   Backup_Path: /bootloader
   Backup_Name: bootloader
   Backup_Display_Name: bootloader
   Storage_Path: /bootloader
   Current_File_System: emmc
   Fstab_File_System: emmc
   Backup_Method: dd

/bootloader2 |  | Size: 0MB
   Flags: 
   Primary_Block_Device: /dev/block/by-name/lk2
   Display_Name: bootloader2
   Storage_Name: bootloader2
   Backup_Path: /bootloader2
   Backup_Name: bootloader2
   Backup_Display_Name: bootloader2
   Storage_Path: /bootloader2
   Current_File_System: emmc
   Fstab_File_System: emmc
   Backup_Method: dd

/para | /dev/block/sdc3 | Size: 0MB
   Flags: IsPresent 
   Primary_Block_Device: /dev/block/sdc3
   Display_Name: para
   Storage_Name: para
   Backup_Path: /para
   Backup_Name: para
   Backup_Display_Name: para
   Storage_Path: /para
   Current_File_System: emmc
   Fstab_File_System: emmc
   Backup_Method: dd

/misc | /dev/block/sdc2 | Size: 0MB
   Flags: IsPresent 
   Primary_Block_Device: /dev/block/sdc2
   Display_Name: misc
   Storage_Name: misc
   Backup_Path: /misc
   Backup_Name: misc
   Backup_Display_Name: misc
   Storage_Path: /misc
   Current_File_System: emmc
   Fstab_File_System: emmc
   Backup_Method: dd

/boot | /dev/block/by-name/boot_a | Size: 40MB
   Flags: Can_Be_Backed_Up IsPresent Can_Flash_Img SlotSelect 
   Primary_Block_Device: /dev/block/by-name/boot
   Display_Name: boot
   Storage_Name: boot
   Backup_Path: /boot
   Backup_Name: boot
   Backup_Display_Name: Boot
   Storage_Path: /boot
   Current_File_System: emmc
   Fstab_File_System: emmc
   Backup_Method: dd

/vbmeta_vendor | /dev/block/by-name/vbmeta_vendor_a | Size: 8MB
   Flags: IsPresent Can_Flash_Img SlotSelect 
   Primary_Block_Device: /dev/block/by-name/vbmeta_vendor
   Display_Name: Vbmeta Vendor
   Storage_Name: vbmeta_vendor
   Backup_Path: /vbmeta_vendor
   Backup_Name: vbmeta_vendor
   Backup_Display_Name: vbmeta_vendor
   Storage_Path: /vbmeta_vendor
   Current_File_System: emmc
   Fstab_File_System: emmc
   Backup_Method: dd

/vbmeta_system | /dev/block/by-name/vbmeta_system_a | Size: 8MB
   Flags: IsPresent Can_Flash_Img SlotSelect 
   Primary_Block_Device: /dev/block/by-name/vbmeta_system
   Display_Name: Vbmeta System
   Storage_Name: vbmeta_system
   Backup_Path: /vbmeta_system
   Backup_Name: vbmeta_system
   Backup_Display_Name: vbmeta_system
   Storage_Path: /vbmeta_system
   Current_File_System: emmc
   Fstab_File_System: emmc
   Backup_Method: dd

/logo | /dev/block/sdc36 | Size: 15MB
   Flags: Can_Be_Backed_Up IsPresent Can_Flash_Img 
   Primary_Block_Device: /dev/block/sdc36
   Display_Name: Logo
   Storage_Name: logo
   Backup_Path: /logo
   Backup_Name: logo
   Backup_Display_Name: logo
   Storage_Path: /logo
   Current_File_System: emmc
   Fstab_File_System: emmc
   Backup_Method: dd

/expdb | /dev/block/sdc4 | Size: 40MB
   Flags: Can_Be_Backed_Up IsPresent 
   Primary_Block_Device: /dev/block/sdc4
   Display_Name: expdb
   Storage_Name: expdb
   Backup_Path: /expdb
   Backup_Name: expdb
   Backup_Display_Name: expdb
   Storage_Path: /expdb
   Current_File_System: emmc
   Fstab_File_System: emmc
   Backup_Method: dd

/seccfg | /dev/block/sdc18 | Size: 8MB
   Flags: IsPresent 
   Primary_Block_Device: /dev/block/sdc18
   Display_Name: seccfg
   Storage_Name: seccfg
   Backup_Path: /seccfg
   Backup_Name: seccfg
   Backup_Display_Name: seccfg
   Storage_Path: /seccfg
   Current_File_System: emmc
   Fstab_File_System: emmc
   Backup_Method: dd

/tee1 |  | Size: 0MB
   Flags: 
   Primary_Block_Device: /dev/block/by-name/tee1
   Display_Name: tee1
   Storage_Name: tee1
   Backup_Path: /tee1
   Backup_Name: tee1
   Backup_Display_Name: tee1
   Storage_Path: /tee1
   Current_File_System: emmc
   Fstab_File_System: emmc
   Backup_Method: dd

/tee2 |  | Size: 0MB
   Flags: 
   Primary_Block_Device: /dev/block/by-name/tee2
   Display_Name: tee2
   Storage_Name: tee2
   Backup_Path: /tee2
   Backup_Name: tee2
   Backup_Display_Name: tee2
   Storage_Path: /tee2
   Current_File_System: emmc
   Fstab_File_System: emmc
   Backup_Method: dd

/scp1 |  | Size: 0MB
   Flags: 
   Primary_Block_Device: /dev/block/by-name/scp1
   Display_Name: scp1
   Storage_Name: scp1
   Backup_Path: /scp1
   Backup_Name: scp1
   Backup_Display_Name: scp1
   Storage_Path: /scp1
   Current_File_System: emmc
   Fstab_File_System: emmc
   Backup_Method: dd

/scp2 |  | Size: 0MB
   Flags: 
   Primary_Block_Device: /dev/block/by-name/scp2
   Display_Name: scp2
   Storage_Name: scp2
   Backup_Path: /scp2
   Backup_Name: scp2
   Backup_Display_Name: scp2
   Storage_Path: /scp2
   Current_File_System: emmc
   Fstab_File_System: emmc
   Backup_Method: dd

/sspm_1 |  | Size: 0MB
   Flags: 
   Primary_Block_Device: /dev/block/by-name/sspm_1
   Display_Name: sspm_1
   Storage_Name: sspm_1
   Backup_Path: /sspm_1
   Backup_Name: sspm_1
   Backup_Display_Name: sspm_1
   Storage_Path: /sspm_1
   Current_File_System: emmc
   Fstab_File_System: emmc
   Backup_Method: dd

/sspm_2 |  | Size: 0MB
   Flags: 
   Primary_Block_Device: /dev/block/by-name/sspm_2
   Display_Name: sspm_2
   Storage_Name: sspm_2
   Backup_Path: /sspm_2
   Backup_Name: sspm_2
   Backup_Display_Name: sspm_2
   Storage_Path: /sspm_2
   Current_File_System: emmc
   Fstab_File_System: emmc
   Backup_Method: dd

/dpm_1 |  | Size: 0MB
   Flags: 
   Primary_Block_Device: /dev/block/by-name/dpm_1
   Display_Name: dpm_1
   Storage_Name: dpm_1
   Backup_Path: /dpm_1
   Backup_Name: dpm_1
   Backup_Display_Name: dpm_1
   Storage_Path: /dpm_1
   Current_File_System: emmc
   Fstab_File_System: emmc
   Backup_Method: dd

/dpm_2 |  | Size: 0MB
   Flags: 
   Primary_Block_Device: /dev/block/by-name/dpm_2
   Display_Name: dpm_2
   Storage_Name: dpm_2
   Backup_Path: /dpm_2
   Backup_Name: dpm_2
   Backup_Display_Name: dpm_2
   Storage_Path: /dpm_2
   Current_File_System: emmc
   Fstab_File_System: emmc
   Backup_Method: dd

/mcupm_1 |  | Size: 0MB
   Flags: 
   Primary_Block_Device: /dev/block/by-name/mcupm_1
   Display_Name: mcupm_1
   Storage_Name: mcupm_1
   Backup_Path: /mcupm_1
   Backup_Name: mcupm_1
   Backup_Display_Name: mcupm_1
   Storage_Path: /mcupm_1
   Current_File_System: emmc
   Fstab_File_System: emmc
   Backup_Method: dd

/mcupm_2 |  | Size: 0MB
   Flags: 
   Primary_Block_Device: /dev/block/by-name/mcupm_2
   Display_Name: mcupm_2
   Storage_Name: mcupm_2
   Backup_Path: /mcupm_2
   Backup_Name: mcupm_2
   Backup_Display_Name: mcupm_2
   Storage_Path: /mcupm_2
   Current_File_System: emmc
   Fstab_File_System: emmc
   Backup_Method: dd

/md1img |  | Size: 0MB
   Flags: 
   Primary_Block_Device: /dev/block/by-name/md1img
   Display_Name: md1img
   Storage_Name: md1img
   Backup_Path: /md1img
   Backup_Name: md1img
   Backup_Display_Name: md1img
   Storage_Path: /md1img
   Current_File_System: emmc
   Fstab_File_System: emmc
   Backup_Method: dd

/md1dsp |  | Size: 0MB
   Flags: 
   Primary_Block_Device: /dev/block/by-name/md1dsp
   Display_Name: md1dsp
   Storage_Name: md1dsp
   Backup_Path: /md1dsp
   Backup_Name: md1dsp
   Backup_Display_Name: md1dsp
   Storage_Path: /md1dsp
   Current_File_System: emmc
   Fstab_File_System: emmc
   Backup_Method: dd

/md1arm7 |  | Size: 0MB
   Flags: 
   Primary_Block_Device: /dev/block/by-name/md1arm7
   Display_Name: md1arm7
   Storage_Name: md1arm7
   Backup_Path: /md1arm7
   Backup_Name: md1arm7
   Backup_Display_Name: md1arm7
   Storage_Path: /md1arm7
   Current_File_System: emmc
   Fstab_File_System: emmc
   Backup_Method: dd

/md3img |  | Size: 0MB
   Flags: 
   Primary_Block_Device: /dev/block/by-name/md3img
   Display_Name: md3img
   Storage_Name: md3img
   Backup_Path: /md3img
   Backup_Name: md3img
   Backup_Display_Name: md3img
   Storage_Path: /md3img
   Current_File_System: emmc
   Fstab_File_System: emmc
   Backup_Method: dd

/gz1 |  | Size: 0MB
   Flags: 
   Primary_Block_Device: /dev/block/by-name/gz1
   Display_Name: gz1
   Storage_Name: gz1
   Backup_Path: /gz1
   Backup_Name: gz1
   Backup_Display_Name: gz1
   Storage_Path: /gz1
   Current_File_System: emmc
   Fstab_File_System: emmc
   Backup_Method: dd

/gz2 |  | Size: 0MB
   Flags: 
   Primary_Block_Device: /dev/block/by-name/gz2
   Display_Name: gz2
   Storage_Name: gz2
   Backup_Path: /gz2
   Backup_Name: gz2
   Backup_Display_Name: gz2
   Storage_Path: /gz2
   Current_File_System: emmc
   Fstab_File_System: emmc
   Backup_Method: dd

/spmfw |  | Size: 0MB
   Flags: 
   Primary_Block_Device: /dev/block/by-name/spmfw
   Display_Name: spmfw
   Storage_Name: spmfw
   Backup_Path: /spmfw
   Backup_Name: spmfw
   Backup_Display_Name: spmfw
   Storage_Path: /spmfw
   Current_File_System: emmc
   Fstab_File_System: emmc
   Backup_Method: dd

/pi_img |  | Size: 0MB
   Flags: 
   Primary_Block_Device: /dev/block/by-name/pi_img
   Display_Name: pi_img
   Storage_Name: pi_img
   Backup_Path: /pi_img
   Backup_Name: pi_img
   Backup_Display_Name: pi_img
   Storage_Path: /pi_img
   Current_File_System: emmc
   Fstab_File_System: emmc
   Backup_Method: dd

/boot_para | /dev/block/sdc35 | Size: 26MB
   Flags: IsPresent 
   Primary_Block_Device: /dev/block/sdc35
   Display_Name: boot_para
   Storage_Name: boot_para
   Backup_Path: /boot_para
   Backup_Name: boot_para
   Backup_Display_Name: boot_para
   Storage_Path: /boot_para
   Current_File_System: emmc
   Fstab_File_System: emmc
   Backup_Method: dd

/odmdtbo |  | Size: 0MB
   Flags: 
   Primary_Block_Device: /dev/block/by-name/odmdtbo
   Display_Name: odmdtbo
   Storage_Name: odmdtbo
   Backup_Path: /odmdtbo
   Backup_Name: odmdtbo
   Backup_Display_Name: odmdtbo
   Storage_Path: /odmdtbo
   Current_File_System: emmc
   Fstab_File_System: emmc
   Backup_Method: dd

/dtbo | /dev/block/by-name/dtbo_a | Size: 8MB
   Flags: Can_Be_Backed_Up IsPresent Can_Flash_Img SlotSelect 
   Primary_Block_Device: /dev/block/by-name/dtbo
   Display_Name: Dtbo
   Storage_Name: dtbo
   Backup_Path: /dtbo
   Backup_Name: dtbo
   Backup_Display_Name: dtbo
   Storage_Path: /dtbo
   Current_File_System: emmc
   Fstab_File_System: emmc
   Backup_Method: dd

/otp | /dev/block/sdc19 | Size: 48MB
   Flags: IsPresent 
   Primary_Block_Device: /dev/block/sdc19
   Display_Name: otp
   Storage_Name: otp
   Backup_Path: /otp
   Backup_Name: otp
   Backup_Display_Name: otp
   Storage_Path: /otp
   Current_File_System: emmc
   Fstab_File_System: emmc
   Backup_Method: dd

/vbmeta | /dev/block/by-name/vbmeta_a | Size: 8MB
   Flags: Can_Be_Backed_Up IsPresent Can_Flash_Img SlotSelect 
   Primary_Block_Device: /dev/block/by-name/vbmeta
   Display_Name: Vbmeta
   Storage_Name: vbmeta
   Backup_Path: /vbmeta
   Backup_Name: vbmeta
   Backup_Display_Name: vbmeta
   Storage_Path: /vbmeta
   Current_File_System: emmc
   Fstab_File_System: emmc
   Backup_Method: dd

/external_sd |  | Size: 0MB Used: 0MB Free: 0MB Backup Size: 0MB
   Flags: Can_Be_Mounted Can_Be_Wiped Wipe_Available_in_GUI Removable Is_Storage 
   Primary_Block_Device: /dev/block/mmcblk0p1
   Alternate_Block_Device: /dev/block/mmcblk0
   Display_Name: MicroSD Card
   Storage_Name: MicroSD Card
   Backup_Path: /external_sd
   Backup_Name: external_sd
   Backup_Display_Name: MicroSD Card
   Storage_Path: /external_sd
   Current_File_System: vfat
   Fstab_File_System: vfat
   Backup_Method: files
   MTP_Storage_ID: 65537

/nvdata_image | /dev/block/sdc7 | Size: 64MB
   Flags: Can_Be_Backed_Up IsPresent Can_Flash_Img 
   Primary_Block_Device: /dev/block/sdc7
   Display_Name: Nvdata
   Storage_Name: Nvdata
   Backup_Path: /nvdata_image
   Backup_Name: nvdata_image
   Backup_Display_Name: Nvdata
   Storage_Path: /nvdata_image
   Current_File_System: emmc
   Fstab_File_System: emmc
   Backup_Method: dd

/nvram_image | /dev/block/sdc34 | Size: 64MB
   Flags: Can_Be_Backed_Up IsPresent Can_Flash_Img 
   Primary_Block_Device: /dev/block/sdc34
   Display_Name: Nvram
   Storage_Name: Nvram
   Backup_Path: /nvram_image
   Backup_Name: nvram_image
   Backup_Display_Name: Nvram
   Storage_Path: /nvram_image
   Current_File_System: emmc
   Fstab_File_System: emmc
   Backup_Method: dd

/persist_image | /dev/block/sdc15 | Size: 50MB
   Flags: Can_Be_Backed_Up IsPresent Can_Flash_Img 
   Primary_Block_Device: /dev/block/sdc15
   Display_Name: Persist
   Storage_Name: Persist
   Backup_Path: /persist_image
   Backup_Name: persist_image
   Backup_Display_Name: Persist
   Storage_Path: /persist_image
   Current_File_System: emmc
   Fstab_File_System: emmc
   Backup_Method: dd

/product_image |  | Size: 0MB
   Flags: Can_Be_Backed_Up Can_Flash_Img SlotSelect 
   Primary_Block_Device: /dev/block/mapper/product
   Display_Name: Product Image
   Storage_Name: Product Image
   Backup_Path: /product_image
   Backup_Name: product_image
   Backup_Display_Name: Product Image
   Storage_Path: /product_image
   Current_File_System: emmc
   Fstab_File_System: emmc
   Backup_Method: dd

/protect_f_image | /dev/block/sdc16 | Size: 8MB
   Flags: Can_Be_Backed_Up IsPresent Can_Flash_Img 
   Primary_Block_Device: /dev/block/sdc16
   Display_Name: Protect_f
   Storage_Name: Protect_f
   Backup_Path: /protect_f_image
   Backup_Name: protect_f_image
   Backup_Display_Name: Protect_f
   Storage_Path: /protect_f_image
   Current_File_System: emmc
   Fstab_File_System: emmc
   Backup_Method: dd

/protect_s_image | /dev/block/sdc17 | Size: 8MB
   Flags: Can_Be_Backed_Up IsPresent Can_Flash_Img 
   Primary_Block_Device: /dev/block/sdc17
   Display_Name: Protect_s
   Storage_Name: Protect_s
   Backup_Path: /protect_s_image
   Backup_Name: protect_s_image
   Backup_Display_Name: Protect_s
   Storage_Path: /protect_s_image
   Current_File_System: emmc
   Fstab_File_System: emmc
   Backup_Method: dd

/system_ext_image |  | Size: 0MB
   Flags: Can_Be_Backed_Up Can_Flash_Img SlotSelect 
   Primary_Block_Device: /dev/block/mapper/system_ext
   Display_Name: System_Ext Image
   Storage_Name: System_Ext Image
   Backup_Path: /system_ext_image
   Backup_Name: system_ext_image
   Backup_Display_Name: System_Ext Image
   Storage_Path: /system_ext_image
   Current_File_System: emmc
   Fstab_File_System: emmc
   Backup_Method: dd

/system_image | /dev/block/mapper/system_a | Size: 3870MB
   Flags: Can_Be_Backed_Up IsPresent Can_Flash_Img SlotSelect 
   Primary_Block_Device: /dev/block/mapper/system
   Display_Name: System Image
   Storage_Name: System Image
   Backup_Path: /system_image
   Backup_Name: system_image
   Backup_Display_Name: System Image
   Storage_Path: /system_image
   Current_File_System: emmc
   Fstab_File_System: emmc
   Backup_Method: dd

/usb_otg |  | Size: 0MB Used: 0MB Free: 0MB Backup Size: 0MB
   Flags: Can_Be_Mounted Can_Be_Wiped Wipe_Available_in_GUI Removable Is_Storage 
   Primary_Block_Device: /dev/block/sda1
   Alternate_Block_Device: /dev/block/sdd
   Display_Name: USB-Storage
   Storage_Name: USB-Storage
   Backup_Path: /usb_otg
   Backup_Name: usb_otg
   Backup_Display_Name: USB-Storage
   Storage_Path: /usb_otg
   Current_File_System: vfat
   Fstab_File_System: vfat
   Backup_Method: files
   MTP_Storage_ID: 65538

/vendor_image | /dev/block/mapper/vendor_a | Size: 629MB
   Flags: Can_Be_Backed_Up IsPresent Can_Flash_Img SlotSelect 
   Primary_Block_Device: /dev/block/mapper/vendor
   Display_Name: Vendor Image
   Storage_Name: Vendor Image
   Backup_Path: /vendor_image
   Backup_Name: vendor_image
   Backup_Display_Name: Vendor Image
   Storage_Path: /vendor_image
   Current_File_System: emmc
   Fstab_File_System: emmc
   Backup_Method: dd

/metadata | /dev/block/sdc14 | Size: 23MB Used: 0MB Free: 23MB Backup Size: 0MB
   Flags: Can_Be_Mounted Can_Be_Wiped Wipe_Available_in_GUI IsPresent 
   Primary_Block_Device: /dev/block/sdc14
   Display_Name: Metadata
   Storage_Name: Metadata
   Backup_Path: /metadata
   Backup_Name: metadata
   Backup_Display_Name: Metadata
   Storage_Path: /metadata
   Current_File_System: ext4
   Fstab_File_System: ext4
   Backup_Method: files
   Mount_Flags: 1030, Mount_Options: discard

/data | /dev/block/dm-3 | Size: 114685MB Used: 1899MB Free: 111571MB Backup Size: 1899MB
   Flags: Can_Be_Mounted Can_Be_Wiped Can_Be_Backed_Up Wipe_During_Factory_Reset Wipe_Available_in_GUI IsPresent Can_Be_Encrypted Is_Encrypted Is_Decrypted Has_Data_Media Can_Encrypt_Backup Use_Userdata_Encryption Is_Storage Is_Settings_Storage 
   Symlink_Path: /data/media/0
   Symlink_Mount_Point: /sdcard
   Primary_Block_Device: /dev/block/sdc51
   Decrypted_Block_Device: /dev/block/dm-3
   Display_Name: Data
   Storage_Name: Internal Storage
   Backup_Path: /data
   Backup_Name: data
   Backup_Display_Name: Data
   Storage_Path: /data/media/0
   Current_File_System: f2fs
   Fstab_File_System: f2fs
   Backup_Method: files
   Mount_Flags: 1030, Mount_Options: discard,noflush_merge,fsync_mode=nobarrier,reserve_root=134217,resgid=1065,inlinecrypt
   MTP_Storage_ID: 65539
   Metadata Key Directory: /metadata/vold/metadata_encryption

/super | /dev/block/by-name/super | Size: 6144MB
   Flags: Can_Be_Backed_Up IsPresent Can_Flash_Img 
   Alternate_Block_Device: /dev/block/by-name/super
   Display_Name: super
   Backup_Path: /super
   Backup_Name: super
   Backup_Display_Name: Super (system system_ext vendor product)
   Current_File_System: emmc
   Backup_Method: dd

I:Attempt to load settings from settings file...
I:InfoManager loading from '/sdcard/Fox/.foxs'.
I:Backup folder set to '/data/media/0/Fox/BACKUPS/MT6833'
I:Version number saved to '/data/recovery/.version'
I:Unable to mount '/external_sd'
I:Actual block device: '', current file system: 'vfat'
I:Unable to mount '/usb_otg'
I:Actual block device: '', current file system: 'vfat'
I:TWFunc::Set_Brightness: Setting brightness control to 66
I:PassBak: Loaded backup
--------------------------
Welcome to OrangeFox Recovery!
[Release]   : R11.3
[Variant]   : default
[Codebase]  : 32, 2026-01-02 (0ee6f8e8)
[Build date]: Sun Mar  1 13:38:05 2026
[Build type]: Unofficial
[Support]   : No official support for unknown builds

OrangeFox websites:
[Downloads] : https://orangefox.download/
[Guides/FAQ]: https://wiki.orangefox.tech/guides/
--------------------------
I:DEBUG: OrangeFox: the startup script has been executed.
* Storage is encrypted
* Platform:   LXX503
* Device:     LXX503 (LXX503)
* Dynamic:    yes
* Boot slot:  _a
* Virtual_AB: yes
* Kernel:     4.19.191
* Custom ROM (SDK:35, Android 15)
* infinity_gsi-userdebug 15 BP1A.250505.005.D1 20250610031659 release-keys
* (1753440949)
* Fingerprint: LAVA/LXX503/LXX503:14/UP1A.231005.007/1753440949:user/release-keys
--------------------------
I:ROM Status: infinity_gsi-userdebug 15 BP1A.250505.005.D1 20250610031659 release-keys
I:Themes version: 1.1
I:Starting MTP
I:[MTP] Starting MTP
I:sending message to add 65539 '/data/media/0' 'Internal Storage'
I:Message sent, add storage ID: 65539 '/data/media/0'
MTP is enabled
I:Attempt to load settings from settings file...
I:InfoManager loading from '/sdcard/Fox/.foxs'.
I:Backup folder set to '/data/media/0/Fox/BACKUPS/MT6833'
I:Version number saved to '/data/recovery/.version'
I:Unable to mount '/external_sd'
I:Actual block device: '', current file system: 'vfat'
I:Unable to mount '/usb_otg'
I:Actual block device: '', current file system: 'vfat'
I:TWFunc::Set_Brightness: Setting brightness control to 66
I:PassBak: Loaded backup
I:PassBak: Loaded backup
I:PageManager::LoadFileToBuffer loading filename: '/twres/languages/en.xml' directly
parsing languageFile
parsing languageFile done
I:Translating partition display names
I:Backup folder set to '/data/media/0/Fox/BACKUPS/MT6833'
I:Mount: Unable to find partition for path '/persist'
I:InfoManager saving '/sdcard/Fox/.foxs'
I:Saved settings file values to '/sdcard/Fox/.foxs'
I:Switching packages (OrangeFox)
I:Set page: 'reapply_settings'
I:Starting Adb Backup FIFO
I:Loading package: OrangeFox (/sdcard/Fox/theme/ui.zip)
I:Loading zip theme
I:Failed to load package '/sdcard/Fox/theme/ui.zip'.
I:Attempting to reload stock theme...
I:Loading package: OrangeFox (/twres/ui.xml)
I:Load XML directly
I:PageManager::LoadFileToBuffer loading filename: '/twres/languages/ua.xml' directly
I:PageManager::LoadFileToBuffer loading filename: '/twres/languages/tr.xml' directly
I:PageManager::LoadFileToBuffer loading filename: '/twres/languages/ru.xml' directly
I:PageManager::LoadFileToBuffer loading filename: '/twres/languages/ro.xml' directly
I:PageManager::LoadFileToBuffer loading filename: '/twres/languages/pt_PT.xml' directly
I:PageManager::LoadFileToBuffer loading filename: '/twres/languages/pl.xml' directly
I:PageManager::LoadFileToBuffer loading filename: '/twres/languages/it.xml' directly
I:PageManager::LoadFileToBuffer loading filename: '/twres/languages/id.xml' directly
I:PageManager::LoadFileToBuffer loading filename: '/twres/languages/fr.xml' directly
I:PageManager::LoadFileToBuffer loading filename: '/twres/languages/en.xml' directly
I:PageManager::LoadFileToBuffer loading filename: '/twres/languages/el.xml' directly
I:PageManager::LoadFileToBuffer loading filename: '/twres/languages/de.xml' directly
I:PageManager::LoadFileToBuffer loading filename: '/twres/languages/cs.xml' directly
I:PageManager::LoadFileToBuffer loading filename: '/twres/languages/en.xml' directly
parsing languageFile
parsing languageFile done
I:PageManager::LoadFileToBuffer loading filename: '/twres/ui.xml' directly
I:Checking resolution...
I:Scaling theme width 0.666667x and height 0.666667x, offsets x: 0 y: 0 w: 0 h: 0
I:Loading resources...
I:Loading variables...
I:Loading mouse cursor...
I:Loading pages...
I:Including file: /sdcard/Fox/.navbar/navbar.xml...
I:PageManager::LoadFileToBuffer loading filename: '/sdcard/Fox/.navbar/navbar.xml' directly
I:PageManager::LoadFileToBuffer loading filename: '/twres/themes/navbar.xml' directly
I:Loading resources...
I:Loading variables...
I:Loading mouse cursor...
I:Loading pages...
I:Including file: /sdcard/Fox/.theme/font.xml...
I:PageManager::LoadFileToBuffer loading filename: '/sdcard/Fox/.theme/font.xml' directly
I:PageManager::LoadFileToBuffer loading filename: '/twres/themes/font.xml' directly
I:Loading resources...
I:Loading variables...
I:Loading mouse cursor...
I:Loading pages...
I:Including file: /sdcard/Fox/.theme/style.xml...
I:PageManager::LoadFileToBuffer loading filename: '/sdcard/Fox/.theme/style.xml' directly
I:Loading resources...
I:Failed to load image from Light/Progress/indeterminate033, error -1
I:Loading variables...
I:Loading mouse cursor...
I:Loading pages...
I:Including file: /sdcard/Fox/.theme/accent.xml...
I:PageManager::LoadFileToBuffer loading filename: '/sdcard/Fox/.theme/accent.xml' directly
I:Loading resources...
I:Loading variables...
I:Loading mouse cursor...
I:Loading pages...
I:Including file: /sdcard/Fox/.theme/action.xml...
I:PageManager::LoadFileToBuffer loading filename: '/sdcard/Fox/.theme/action.xml' directly
I:Loading resources...
I:Loading variables...
I:Loading mouse cursor...
I:Loading pages...
I:Including file: /twres/resources/images.xml...
I:PageManager::LoadFileToBuffer loading filename: '/twres/resources/images.xml' directly
I:Loading resources...
I:Loading variables...
I:Loading mouse cursor...
I:Loading pages...
I:Including file: /twres/resources/vars.xml...
I:PageManager::LoadFileToBuffer loading filename: '/twres/resources/vars.xml' directly
I:Loading resources...
I:Loading variables...
I:Loading mouse cursor...
I:Loading pages...
I:Including file: /twres/resources/styles.xml...
I:PageManager::LoadFileToBuffer loading filename: '/twres/resources/styles.xml' directly
I:Loading resources...
I:Loading variables...
I:Loading mouse cursor...
I:Loading pages...
I:Including file: /twres/pages/templates/base.xml...
I:PageManager::LoadFileToBuffer loading filename: '/twres/pages/templates/base.xml' directly
I:Loading resources...
I:Loading variables...
I:Loading mouse cursor...
I:Loading pages...
I:Including file: /twres/pages/templates/keyboard.xml...
I:PageManager::LoadFileToBuffer loading filename: '/twres/pages/templates/keyboard.xml' directly
I:Loading resources...
I:Loading variables...
I:Loading mouse cursor...
I:Loading pages...
I:Including file: /twres/pages/templates/navbar.xml...
I:PageManager::LoadFileToBuffer loading filename: '/twres/pages/templates/navbar.xml' directly
I:Loading resources...
I:Loading variables...
I:Loading mouse cursor...
I:Loading pages...
I:Including file: /twres/pages/templates/statusbar.xml...
I:PageManager::LoadFileToBuffer loading filename: '/twres/pages/templates/statusbar.xml' directly
I:Loading resources...
I:Loading variables...
I:Loading mouse cursor...
I:Loading pages...
I:Including file: /twres/pages/templates/templates.xml...
I:PageManager::LoadFileToBuffer loading filename: '/twres/pages/templates/templates.xml' directly
I:Loading resources...
I:Loading variables...
I:Loading mouse cursor...
I:Loading pages...
I:Including file: /twres/pages/main.xml...
I:PageManager::LoadFileToBuffer loading filename: '/twres/pages/main.xml' directly
I:Loading resources...
I:Loading variables...
I:Loading mouse cursor...
I:Loading pages...
I:Loading page main
I:Loading page navbar
I:Loading page welcome
I:Loading page aroma_busy
I:Loading page fastboot
I:Including file: /twres/pages/pass.xml...
I:PageManager::LoadFileToBuffer loading filename: '/twres/pages/pass.xml' directly
I:Loading resources...
I:Loading variables...
I:Loading mouse cursor...
I:Loading pages...
I:Loading page password_enter
I:Loading page password_enter_num
I:Loading page password_enter_pattern
I:Loading page password_check
I:Loading page pass_pattern
I:Loading page pass_pattern_2
I:Loading page pass_text
I:Loading page pass_text_2
I:Loading page pass_pin
I:Loading page pass_pin_2
I:Loading page pass_remove
I:Loading page pass_check
I:Including file: /twres/pages/install.xml...
I:PageManager::LoadFileToBuffer loading filename: '/twres/pages/install.xml' directly
I:Loading resources...
I:Loading variables...
I:Loading mouse cursor...
I:Loading pages...
I:Loading page flash_confirm
I:Loading page fox_modules_confirm
I:Loading page queueview
I:Loading page flash_image_confirm
I:Loading page flash_image_ab
I:Loading page add_zip
I:Loading page flash_zip
I:Loading page flash_image
I:Loading page flash_done
I:Loading page flash_sleep_and_reboot
I:Loading page flash_image_done
I:Including file: /twres/pages/wipe.xml...
I:PageManager::LoadFileToBuffer loading filename: '/twres/pages/wipe.xml' directly
I:Loading resources...
I:Loading variables...
I:Loading mouse cursor...
I:Loading pages...
I:Loading page wipe
I:Loading page formatdata
I:Loading page formatdata_confirm
I:Loading page wipe_confirm_action
I:Loading page wipe_action_page
I:Loading page wipe_action_complete
I:Loading page checkpartitionlist
I:Loading page partitionoptions
I:Loading page refreshfilesystem
I:Loading page selectfilesystem
I:Loading page part_options
I:Including file: /twres/pages/backup.xml...
I:PageManager::LoadFileToBuffer loading filename: '/twres/pages/backup.xml' directly
I:Loading resources...
I:Loading variables...
I:Loading mouse cursor...
I:Loading pages...
I:Loading page backup
I:Loading page check_storage_back
I:Loading page backup_prep
I:Loading page backupname
I:Loading page backupname_auto
I:Loading page backup_encryption
I:Loading page backup_encryption2
I:Loading page checkbackuppassword
I:Loading page checkbackuppassword2
I:Loading page backup_run
I:Loading page backup_digest
I:Loading page backup_action_complete
I:Including file: /twres/pages/restore.xml...
I:PageManager::LoadFileToBuffer loading filename: '/twres/pages/restore.xml' directly
I:Loading resources...
I:Loading variables...
I:Loading mouse cursor...
I:Loading pages...
I:Loading page restore
I:Loading page restore_prep
I:Loading page restore_read
I:Loading page restore_decrypt
I:Loading page try_restore_decrypt
I:Loading page restore_select
I:Loading page renamebackup
I:Loading page deletebackup
I:Loading page restore_run
I:Loading page restore_confirm_action
I:Loading page restore_action_page
I:Loading page restore_action_complete
I:Including file: /twres/pages/mount.xml...
I:PageManager::LoadFileToBuffer loading filename: '/twres/pages/mount.xml' directly
I:Loading resources...
I:Loading variables...
I:Loading mouse cursor...
I:Loading pages...
I:Loading page mount
I:Loading page usb_mount
I:Loading page system_readonly_check
I:Loading page system_readonly_check_ext_context
I:Loading page system_readonly
I:Loading page system_readonly_mount
I:Loading page decrypt
I:Loading page decrypt_pin
I:[MTP] created new mtpserver object
I:[MTP] mtppipe add storage 65539 '/data/media/0'
I:Loading page decrypt_pattern
I:Loading page decrypt_redirect
I:Loading page trydecrypt
I:Loading page reapply_settings
I:Loading page decrypt_users
I:Loading page decrypt_users2
I:Including file: /twres/pages/files.xml...
I:PageManager::LoadFileToBuffer loading filename: '/twres/pages/files.xml' directly
I:Loading resources...
I:Loading variables...
I:Loading mouse cursor...
I:Loading pages...
I:Loading page filemanagerlist
I:Loading page file_quick_actions
I:Loading page file_quick_actions_dark
I:Loading page select_path
I:Loading page select_path_dark
I:Loading page files_mkdir
I:Loading page fm_multiselection
I:Loading page fm_ms_actions
I:Loading page file_search
I:Loading page file_dark_search
I:Loading page files_redirect
I:Loading page files_bookmarks_prepare
I:Loading page files_bookmarks
I:Loading page filemanageroptions
I:Loading page openas
I:Loading page fm_file_checksum
I:Loading page fm_file_checksum_calc
I:Loading page fm_file_info
I:Loading page choosedestinationfolder
I:Loading page filemanagerrenamefile
I:Loading page filemanagerrenamefolder
I:Loading page filemanagerchmod
I:Loading page filemanagerchmod_key
I:Loading page filemanagerconfirm
I:Loading page archive_confirm
I:Loading page archive_cmd
I:Loading page filemanageraction
I:Loading page filemanagercomplete
I:Loading page cat_file
I:Including file: /twres/pages/rmmanager.xml...
I:PageManager::LoadFileToBuffer loading filename: '/twres/pages/rmmanager.xml' directly
I:Loading resources...
I:Loading variables...
I:Loading mouse cursor...
I:Loading pages...
I:Loading page modules_mount
I:Loading page modules_unmount
I:Loading page root_modules
I:Loading page module_actions
I:Loading page module_delete
I:Including file: /twres/pages/advanced.xml...
I:PageManager::LoadFileToBuffer loading filename: '/twres/pages/advanced.xml' directly
I:Loading resources...
I:Loading variables...
I:Loading mouse cursor...
I:Loading pages...
I:Loading page advanced
I:Loading page mod_survival
I:Loading page mod_factory_rp
I:Loading page mod_magisk
I:Loading page mod_unmagisk
I:Loading page mod_reset
I:Loading page mod_pass
I:Loading page mod_kernelsu
I:Loading page mod_kernelsu_next
I:Loading page mod_sukisu
I:Loading page fox_modules
I:Loading page partsdcard
I:Loading page terminal
I:Loading page sideload
I:Loading page fixcontexts
I:Loading page apps_load
I:Loading page apps_list
I:Unable to open '/tmp/listapps/list'
I:Unable to open '/tmp/listapps/list'
I:Including file: /twres/pages/reboot.xml...
I:PageManager::LoadFileToBuffer loading filename: '/twres/pages/reboot.xml' directly
I:Loading resources...
I:Loading variables...
I:Loading mouse cursor...
I:Loading pages...
I:Loading page reboot
I:Loading page set_slot
I:Including file: /twres/pages/settings.xml...
I:PageManager::LoadFileToBuffer loading filename: '/twres/pages/settings.xml' directly
I:Loading resources...
I:Loading variables...
I:Loading mouse cursor...
I:Loading pages...
I:Loading page settings
I:Loading page ext_context
I:Loading page ext_general
I:Loading page pass_select
I:Loading page ext_screen
I:Loading page ext_vibrate
I:Loading page ext_backup
I:Loading page ext_time
I:Loading page ext_time_offset
I:Loading page check_zone
I:Loading page ext_time_lang
I:Loading page ext_time_lang_busy
I:Loading page about
I:Loading page about_credits
I:Parsing file: /twres/credits.txt
I:Parsing file: /twres/translators.txt
I:Parsing file: /twres/changelog.txt
I:Loading page ext_gov
I:Loading page ext_backup_quick
I:Including file: /twres/pages/universal.xml...
I:PageManager::LoadFileToBuffer loading filename: '/twres/pages/universal.xml' directly
I:Loading resources...
I:Loading variables...
I:Loading mouse cursor...
I:Loading pages...
I:Loading page filecheck
I:Loading page rebootcheck
I:Loading page rebootcheckoverlay
I:Loading page no_os_warning
I:Loading page clear_vars
I:Loading page confirm_action
I:Loading page action_page
I:Loading page ota_simple
I:Loading page singleaction_page
I:Loading page action_complete
I:Including file: /twres/pages/anywhere.xml...
I:PageManager::LoadFileToBuffer loading filename: '/twres/pages/anywhere.xml' directly
I:Loading resources...
I:Loading variables...
I:Loading mouse cursor...
I:Loading pages...
I:Loading page lock
I:Loading page console
I:Including file: /twres/pages/dialogs.xml...
I:PageManager::LoadFileToBuffer loading filename: '/twres/pages/dialogs.xml' directly
I:Loading resources...
I:Loading variables...
I:Loading mouse cursor...
I:Loading pages...
I:Loading page menu
I:Loading page menu_sort
I:Loading page fm_sort
I:Loading page dialog_magisk_not_found
I:Loading page dialog_modules_cannot_mount
I:Loading page dialog_reset_average
I:Loading page dialog_lost_info
I:Loading page dialog_app
I:Loading page dialog_error_partition
I:Loading page pass_error
I:Loading page dialog_enable_hw_mode
I:Including file: /twres/pages/customization.xml...
I:PageManager::LoadFileToBuffer loading filename: '/twres/pages/customization.xml' directly
I:Loading resources...
I:Loading variables...
I:Loading mouse cursor...
I:Loading pages...
I:Loading page ext_custom_reset
I:Loading page ext_custom_gest
I:Loading page ext_custom
I:Loading page ext_custom_status
I:Loading page ext_custom_key
I:Loading page ext_custom_lock
I:Loading page ext_custom_nav
I:Loading page ext_custom_other
I:Loading page ext_custom_nav_error
I:Loading page ext_custom_nav_no_switch
I:Loading page ext_custom_fonts_check
I:Loading page ext_custom_fonts
I:Loading page ext_custom_fonts_sec
I:Loading page ext_custom_fonts_size
I:Loading page ext_custom_fonts_cn
I:Loading page ext_custom_theme
I:Loading page ext_custom_splash
I:Loading page ext_custom_splash_color
I:Loading page ext_custom_splash_logo
I:Loading page ext_custom_splash_select
I:Loading page apply_changes
I:Loading page apply_splash
I:Loading page get_splash_info
I:Including file: /twres/pages/fox.xml...
I:PageManager::LoadFileToBuffer loading filename: '/twres/pages/fox.xml' directly
I:Loading resources...
I:Loading variables...
I:Loading mouse cursor...
I:Loading pages...
I:Loading page fox_ota
I:Loading page fox_ota_lite
I:Loading page fox_lab
I:Loading page debug_pages
I:Loading page debug
I:Loading page debug_plus
I:Loading page scaling
I:Including file: /sbin/maintainer.xml...
I:PageManager::LoadFileToBuffer loading filename: '/sbin/maintainer.xml' directly
I:PageManager::LoadFileToBuffer loading filename: '/twres/pages/dummy.xml' directly
I:Loading resources...
I:Loading variables...
I:Loading mouse cursor...
I:Loading pages...
I:Loading page maintainer
I:Switching packages (OrangeFox)
I:Attempt to load settings from settings file...
I:InfoManager loading from '/sdcard/Fox/.foxs'.
I:Backup folder set to '/data/media/0/Fox/BACKUPS/MT6833'
I:Version number saved to '/data/recovery/.version'
I:Unable to mount '/external_sd'
I:Actual block device: '', current file system: 'vfat'
I:Unable to mount '/usb_otg'
I:Actual block device: '', current file system: 'vfat'
I:TWFunc::Set_Brightness: Setting brightness control to 66
I:PassBak: Loaded backup
I:Set page: 'main'
I:Set overlay: ''
I:Set page: 'clear_vars'
I:Set page: 'navbar'
I:Set page: 'filemanagerlist'
I:Theme reloaded
I:Set overlay: 'console'
